#! /usr/bin/vvp
:ivl_version "11.0 (stable)";
:ivl_delay_selection "TYPICAL";
:vpi_time_precision + 0;
:vpi_module "/usr/lib/x86_64-linux-gnu/ivl/system.vpi";
:vpi_module "/usr/lib/x86_64-linux-gnu/ivl/vhdl_sys.vpi";
:vpi_module "/usr/lib/x86_64-linux-gnu/ivl/vhdl_textio.vpi";
:vpi_module "/usr/lib/x86_64-linux-gnu/ivl/v2005_math.vpi";
:vpi_module "/usr/lib/x86_64-linux-gnu/ivl/va_math.vpi";
S_0x556363807d90 .scope module, "Execute" "Execute" 2 3;
 .timescale 0 0;
    .port_info 0 /INPUT 32 "pc";
    .port_info 1 /INPUT 6 "op";
    .port_info 2 /INPUT 32 "rs1";
    .port_info 3 /INPUT 32 "rs2";
    .port_info 4 /INPUT 32 "imm";
    .port_info 5 /OUTPUT 32 "rd";
    .port_info 6 /OUTPUT 32 "next_pc";
    .port_info 7 /INPUT 32 "ram_din";
    .port_info 8 /OUTPUT 32 "ram_dout";
L_0x5563638734c0 .functor BUFZ 32, v0x556363872c70_0, C4<00000000000000000000000000000000>, C4<00000000000000000000000000000000>, C4<00000000000000000000000000000000>;
o0x7f762cf521c8 .functor BUFZ 32, C4<zzzzzzzzzzzzzzzzzzzzzzzzzzzzzzzz>; HiZ drive
L_0x556363873550 .functor BUFZ 32, o0x7f762cf521c8, C4<00000000000000000000000000000000>, C4<00000000000000000000000000000000>, C4<00000000000000000000000000000000>;
o0x7f762cf52018 .functor BUFZ 32, C4<zzzzzzzzzzzzzzzzzzzzzzzzzzzzzzzz>; HiZ drive
v0x556363807f20_0 .net "imm", 31 0, o0x7f762cf52018;  0 drivers
v0x556363872b90_0 .net "next_pc", 31 0, L_0x5563638734c0;  1 drivers
v0x556363872c70_0 .var "npc", 31 0;
o0x7f762cf520a8 .functor BUFZ 6, C4<zzzzzz>; HiZ drive
v0x556363872d30_0 .net "op", 5 0, o0x7f762cf520a8;  0 drivers
o0x7f762cf520d8 .functor BUFZ 32, C4<zzzzzzzzzzzzzzzzzzzzzzzzzzzzzzzz>; HiZ drive
v0x556363872e10_0 .net "pc", 31 0, o0x7f762cf520d8;  0 drivers
o0x7f762cf52108 .functor BUFZ 32, C4<zzzzzzzzzzzzzzzzzzzzzzzzzzzzzzzz>; HiZ drive
v0x556363872f40_0 .net "ram_din", 31 0, o0x7f762cf52108;  0 drivers
v0x556363873020_0 .net "ram_dout", 31 0, L_0x556363873550;  1 drivers
v0x556363873100_0 .var "rd", 31 0;
o0x7f762cf52198 .functor BUFZ 32, C4<zzzzzzzzzzzzzzzzzzzzzzzzzzzzzzzz>; HiZ drive
v0x5563638731e0_0 .net "rs1", 31 0, o0x7f762cf52198;  0 drivers
v0x5563638732c0_0 .net "rs2", 31 0, o0x7f762cf521c8;  0 drivers
E_0x556363842960/0 .event edge, v0x556363872d30_0, v0x556363807f20_0, v0x556363872e10_0, v0x5563638731e0_0;
E_0x556363842960/1 .event edge, v0x5563638732c0_0, v0x556363872f40_0;
E_0x556363842960 .event/or E_0x556363842960/0, E_0x556363842960/1;
    .scope S_0x556363807d90;
T_0 ;
    %wait E_0x556363842960;
    %load/vec4 v0x556363872d30_0;
    %dup/vec4;
    %pushi/vec4 1, 0, 6;
    %cmp/u;
    %jmp/1 T_0.0, 6;
    %dup/vec4;
    %pushi/vec4 1, 0, 6;
    %cmp/u;
    %jmp/1 T_0.1, 6;
    %dup/vec4;
    %pushi/vec4 3, 0, 6;
    %cmp/u;
    %jmp/1 T_0.2, 6;
    %dup/vec4;
    %pushi/vec4 4, 0, 6;
    %cmp/u;
    %jmp/1 T_0.3, 6;
    %dup/vec4;
    %pushi/vec4 5, 0, 6;
    %cmp/u;
    %jmp/1 T_0.4, 6;
    %dup/vec4;
    %pushi/vec4 6, 0, 6;
    %cmp/u;
    %jmp/1 T_0.5, 6;
    %dup/vec4;
    %pushi/vec4 7, 0, 6;
    %cmp/u;
    %jmp/1 T_0.6, 6;
    %dup/vec4;
    %pushi/vec4 8, 0, 6;
    %cmp/u;
    %jmp/1 T_0.7, 6;
    %dup/vec4;
    %pushi/vec4 9, 0, 6;
    %cmp/u;
    %jmp/1 T_0.8, 6;
    %dup/vec4;
    %pushi/vec4 10, 0, 6;
    %cmp/u;
    %jmp/1 T_0.9, 6;
    %dup/vec4;
    %pushi/vec4 11, 0, 6;
    %cmp/u;
    %jmp/1 T_0.10, 6;
    %dup/vec4;
    %pushi/vec4 12, 0, 6;
    %cmp/u;
    %jmp/1 T_0.11, 6;
    %dup/vec4;
    %pushi/vec4 13, 0, 6;
    %cmp/u;
    %jmp/1 T_0.12, 6;
    %dup/vec4;
    %pushi/vec4 15, 0, 6;
    %cmp/u;
    %jmp/1 T_0.13, 6;
    %dup/vec4;
    %pushi/vec4 16, 0, 6;
    %cmp/u;
    %jmp/1 T_0.14, 6;
    %dup/vec4;
    %pushi/vec4 18, 0, 6;
    %cmp/u;
    %jmp/1 T_0.15, 6;
    %dup/vec4;
    %pushi/vec4 19, 0, 6;
    %cmp/u;
    %jmp/1 T_0.16, 6;
    %dup/vec4;
    %pushi/vec4 20, 0, 6;
    %cmp/u;
    %jmp/1 T_0.17, 6;
    %dup/vec4;
    %pushi/vec4 22, 0, 6;
    %cmp/u;
    %jmp/1 T_0.18, 6;
    %dup/vec4;
    %pushi/vec4 23, 0, 6;
    %cmp/u;
    %jmp/1 T_0.19, 6;
    %dup/vec4;
    %pushi/vec4 24, 0, 6;
    %cmp/u;
    %jmp/1 T_0.20, 6;
    %dup/vec4;
    %pushi/vec4 25, 0, 6;
    %cmp/u;
    %jmp/1 T_0.21, 6;
    %dup/vec4;
    %pushi/vec4 26, 0, 6;
    %cmp/u;
    %jmp/1 T_0.22, 6;
    %dup/vec4;
    %pushi/vec4 27, 0, 6;
    %cmp/u;
    %jmp/1 T_0.23, 6;
    %dup/vec4;
    %pushi/vec4 28, 0, 6;
    %cmp/u;
    %jmp/1 T_0.24, 6;
    %dup/vec4;
    %pushi/vec4 29, 0, 6;
    %cmp/u;
    %jmp/1 T_0.25, 6;
    %dup/vec4;
    %pushi/vec4 30, 0, 6;
    %cmp/u;
    %jmp/1 T_0.26, 6;
    %dup/vec4;
    %pushi/vec4 31, 0, 6;
    %cmp/u;
    %jmp/1 T_0.27, 6;
    %dup/vec4;
    %pushi/vec4 32, 0, 6;
    %cmp/u;
    %jmp/1 T_0.28, 6;
    %dup/vec4;
    %pushi/vec4 33, 0, 6;
    %cmp/u;
    %jmp/1 T_0.29, 6;
    %dup/vec4;
    %pushi/vec4 34, 0, 6;
    %cmp/u;
    %jmp/1 T_0.30, 6;
    %dup/vec4;
    %pushi/vec4 35, 0, 6;
    %cmp/u;
    %jmp/1 T_0.31, 6;
    %dup/vec4;
    %pushi/vec4 36, 0, 6;
    %cmp/u;
    %jmp/1 T_0.32, 6;
    %dup/vec4;
    %pushi/vec4 37, 0, 6;
    %cmp/u;
    %jmp/1 T_0.33, 6;
    %dup/vec4;
    %pushi/vec4 38, 0, 6;
    %cmp/u;
    %jmp/1 T_0.34, 6;
    %dup/vec4;
    %pushi/vec4 39, 0, 6;
    %cmp/u;
    %jmp/1 T_0.35, 6;
    %dup/vec4;
    %pushi/vec4 40, 0, 6;
    %cmp/u;
    %jmp/1 T_0.36, 6;
    %jmp T_0.38;
T_0.0 ;
    %load/vec4 v0x556363807f20_0;
    %assign/vec4 v0x556363873100_0, 0;
    %load/vec4 v0x556363872e10_0;
    %addi 4, 0, 32;
    %assign/vec4 v0x556363872c70_0, 0;
    %jmp T_0.38;
T_0.1 ;
    %load/vec4 v0x556363872e10_0;
    %load/vec4 v0x556363807f20_0;
    %add;
    %assign/vec4 v0x556363873100_0, 0;
    %load/vec4 v0x556363872e10_0;
    %addi 4, 0, 32;
    %assign/vec4 v0x556363872c70_0, 0;
    %jmp T_0.38;
T_0.2 ;
    %load/vec4 v0x556363872e10_0;
    %addi 4, 0, 32;
    %assign/vec4 v0x556363873100_0, 0;
    %load/vec4 v0x556363872e10_0;
    %load/vec4 v0x556363807f20_0;
    %add;
    %assign/vec4 v0x556363872c70_0, 0;
    %jmp T_0.38;
T_0.3 ;
    %load/vec4 v0x556363872e10_0;
    %addi 4, 0, 32;
    %assign/vec4 v0x556363873100_0, 0;
    %load/vec4 v0x5563638731e0_0;
    %load/vec4 v0x556363807f20_0;
    %add;
    %pushi/vec4 4294967295, 0, 32;
    %and;
    %assign/vec4 v0x556363872c70_0, 0;
    %jmp T_0.38;
T_0.4 ;
    %load/vec4 v0x5563638731e0_0;
    %load/vec4 v0x5563638732c0_0;
    %cmp/e;
    %flag_mov 8, 4;
    %jmp/0 T_0.39, 8;
    %load/vec4 v0x556363807f20_0;
    %jmp/1 T_0.40, 8;
T_0.39 ; End of true expr.
    %pushi/vec4 4, 0, 32;
    %jmp/0 T_0.40, 8;
 ; End of false expr.
    %blend;
T_0.40;
    %assign/vec4 v0x556363872c70_0, 0;
    %jmp T_0.38;
T_0.5 ;
    %load/vec4 v0x5563638731e0_0;
    %load/vec4 v0x5563638732c0_0;
    %cmp/ne;
    %flag_mov 8, 4;
    %jmp/0 T_0.41, 8;
    %load/vec4 v0x556363807f20_0;
    %jmp/1 T_0.42, 8;
T_0.41 ; End of true expr.
    %pushi/vec4 4, 0, 32;
    %jmp/0 T_0.42, 8;
 ; End of false expr.
    %blend;
T_0.42;
    %assign/vec4 v0x556363872c70_0, 0;
    %jmp T_0.38;
T_0.6 ;
    %load/vec4 v0x5563638731e0_0;
    %load/vec4 v0x5563638732c0_0;
    %cmp/s;
    %flag_mov 8, 5;
    %jmp/0 T_0.43, 8;
    %load/vec4 v0x556363807f20_0;
    %jmp/1 T_0.44, 8;
T_0.43 ; End of true expr.
    %pushi/vec4 4, 0, 32;
    %jmp/0 T_0.44, 8;
 ; End of false expr.
    %blend;
T_0.44;
    %assign/vec4 v0x556363872c70_0, 0;
    %jmp T_0.38;
T_0.7 ;
    %load/vec4 v0x5563638732c0_0;
    %load/vec4 v0x5563638731e0_0;
    %cmp/s;
    %flag_or 5, 4;
    %flag_mov 8, 5;
    %jmp/0 T_0.45, 8;
    %load/vec4 v0x556363807f20_0;
    %jmp/1 T_0.46, 8;
T_0.45 ; End of true expr.
    %pushi/vec4 4, 0, 32;
    %jmp/0 T_0.46, 8;
 ; End of false expr.
    %blend;
T_0.46;
    %assign/vec4 v0x556363872c70_0, 0;
    %jmp T_0.38;
T_0.8 ;
    %load/vec4 v0x5563638731e0_0;
    %load/vec4 v0x5563638732c0_0;
    %cmp/u;
    %flag_mov 8, 5;
    %jmp/0 T_0.47, 8;
    %load/vec4 v0x556363807f20_0;
    %jmp/1 T_0.48, 8;
T_0.47 ; End of true expr.
    %pushi/vec4 4, 0, 32;
    %jmp/0 T_0.48, 8;
 ; End of false expr.
    %blend;
T_0.48;
    %assign/vec4 v0x556363872c70_0, 0;
    %jmp T_0.38;
T_0.9 ;
    %load/vec4 v0x5563638732c0_0;
    %load/vec4 v0x5563638731e0_0;
    %cmp/u;
    %flag_or 5, 4;
    %flag_mov 8, 5;
    %jmp/0 T_0.49, 8;
    %load/vec4 v0x556363807f20_0;
    %jmp/1 T_0.50, 8;
T_0.49 ; End of true expr.
    %pushi/vec4 4, 0, 32;
    %jmp/0 T_0.50, 8;
 ; End of false expr.
    %blend;
T_0.50;
    %assign/vec4 v0x556363872c70_0, 0;
    %jmp T_0.38;
T_0.10 ;
    %load/vec4 v0x556363872f40_0;
    %parti/s 1, 7, 4;
    %replicate 24;
    %load/vec4 v0x556363872f40_0;
    %parti/s 8, 0, 2;
    %concat/vec4; draw_concat_vec4
    %assign/vec4 v0x556363873100_0, 0;
    %load/vec4 v0x556363872e10_0;
    %addi 4, 0, 32;
    %assign/vec4 v0x556363872c70_0, 0;
    %jmp T_0.38;
T_0.11 ;
    %load/vec4 v0x556363872f40_0;
    %parti/s 1, 15, 5;
    %replicate 16;
    %load/vec4 v0x556363872f40_0;
    %parti/s 16, 0, 2;
    %concat/vec4; draw_concat_vec4
    %assign/vec4 v0x556363873100_0, 0;
    %load/vec4 v0x556363872e10_0;
    %addi 4, 0, 32;
    %assign/vec4 v0x556363872c70_0, 0;
    %jmp T_0.38;
T_0.12 ;
    %load/vec4 v0x556363872f40_0;
    %assign/vec4 v0x556363873100_0, 0;
    %load/vec4 v0x556363872e10_0;
    %addi 4, 0, 32;
    %assign/vec4 v0x556363872c70_0, 0;
    %jmp T_0.38;
T_0.13 ;
    %pushi/vec4 0, 0, 24;
    %load/vec4 v0x556363872f40_0;
    %parti/s 8, 0, 2;
    %concat/vec4; draw_concat_vec4
    %assign/vec4 v0x556363873100_0, 0;
    %load/vec4 v0x556363872e10_0;
    %addi 4, 0, 32;
    %assign/vec4 v0x556363872c70_0, 0;
    %jmp T_0.38;
T_0.14 ;
    %pushi/vec4 0, 0, 16;
    %load/vec4 v0x556363872f40_0;
    %parti/s 16, 0, 2;
    %concat/vec4; draw_concat_vec4
    %assign/vec4 v0x556363873100_0, 0;
    %load/vec4 v0x556363872e10_0;
    %addi 4, 0, 32;
    %assign/vec4 v0x556363872c70_0, 0;
    %jmp T_0.38;
T_0.15 ;
    %load/vec4 v0x556363872e10_0;
    %addi 4, 0, 32;
    %assign/vec4 v0x556363872c70_0, 0;
    %jmp T_0.38;
T_0.16 ;
    %load/vec4 v0x556363872e10_0;
    %addi 4, 0, 32;
    %assign/vec4 v0x556363872c70_0, 0;
    %jmp T_0.38;
T_0.17 ;
    %load/vec4 v0x556363872e10_0;
    %addi 4, 0, 32;
    %assign/vec4 v0x556363872c70_0, 0;
    %jmp T_0.38;
T_0.18 ;
    %load/vec4 v0x5563638731e0_0;
    %load/vec4 v0x556363807f20_0;
    %add;
    %assign/vec4 v0x556363873100_0, 0;
    %load/vec4 v0x556363872e10_0;
    %addi 4, 0, 32;
    %assign/vec4 v0x556363872c70_0, 0;
    %jmp T_0.38;
T_0.19 ;
    %load/vec4 v0x5563638731e0_0;
    %load/vec4 v0x5563638732c0_0;
    %cmp/s;
    %flag_get/vec4 5;
    %pad/u 32;
    %assign/vec4 v0x556363873100_0, 0;
    %load/vec4 v0x556363872e10_0;
    %addi 4, 0, 32;
    %assign/vec4 v0x556363872c70_0, 0;
    %jmp T_0.38;
T_0.20 ;
    %load/vec4 v0x5563638731e0_0;
    %load/vec4 v0x556363807f20_0;
    %cmp/u;
    %flag_get/vec4 5;
    %pad/u 32;
    %assign/vec4 v0x556363873100_0, 0;
    %load/vec4 v0x556363872e10_0;
    %addi 4, 0, 32;
    %assign/vec4 v0x556363872c70_0, 0;
    %jmp T_0.38;
T_0.21 ;
    %load/vec4 v0x5563638731e0_0;
    %load/vec4 v0x556363807f20_0;
    %xor;
    %assign/vec4 v0x556363873100_0, 0;
    %load/vec4 v0x556363872e10_0;
    %addi 4, 0, 32;
    %assign/vec4 v0x556363872c70_0, 0;
    %jmp T_0.38;
T_0.22 ;
    %load/vec4 v0x5563638731e0_0;
    %load/vec4 v0x556363807f20_0;
    %or;
    %assign/vec4 v0x556363873100_0, 0;
    %load/vec4 v0x556363872e10_0;
    %addi 4, 0, 32;
    %assign/vec4 v0x556363872c70_0, 0;
    %jmp T_0.38;
T_0.23 ;
    %load/vec4 v0x5563638731e0_0;
    %load/vec4 v0x556363807f20_0;
    %and;
    %assign/vec4 v0x556363873100_0, 0;
    %load/vec4 v0x556363872e10_0;
    %addi 4, 0, 32;
    %assign/vec4 v0x556363872c70_0, 0;
    %jmp T_0.38;
T_0.24 ;
    %load/vec4 v0x5563638731e0_0;
    %ix/getv 4, v0x556363807f20_0;
    %shiftl 4;
    %assign/vec4 v0x556363873100_0, 0;
    %load/vec4 v0x556363872e10_0;
    %addi 4, 0, 32;
    %assign/vec4 v0x556363872c70_0, 0;
    %jmp T_0.38;
T_0.25 ;
    %load/vec4 v0x5563638731e0_0;
    %ix/getv 4, v0x556363807f20_0;
    %shiftr 4;
    %assign/vec4 v0x556363873100_0, 0;
    %load/vec4 v0x556363872e10_0;
    %addi 4, 0, 32;
    %assign/vec4 v0x556363872c70_0, 0;
    %jmp T_0.38;
T_0.26 ;
    %load/vec4 v0x556363872e10_0;
    %addi 4, 0, 32;
    %assign/vec4 v0x556363872c70_0, 0;
    %jmp T_0.38;
T_0.27 ;
    %load/vec4 v0x5563638731e0_0;
    %load/vec4 v0x5563638732c0_0;
    %add;
    %assign/vec4 v0x556363873100_0, 0;
    %load/vec4 v0x556363872e10_0;
    %addi 4, 0, 32;
    %assign/vec4 v0x556363872c70_0, 0;
    %jmp T_0.38;
T_0.28 ;
    %load/vec4 v0x5563638731e0_0;
    %load/vec4 v0x5563638732c0_0;
    %sub;
    %assign/vec4 v0x556363873100_0, 0;
    %load/vec4 v0x556363872e10_0;
    %addi 4, 0, 32;
    %assign/vec4 v0x556363872c70_0, 0;
    %jmp T_0.38;
T_0.29 ;
    %load/vec4 v0x5563638731e0_0;
    %ix/getv 4, v0x5563638732c0_0;
    %shiftl 4;
    %assign/vec4 v0x556363873100_0, 0;
    %load/vec4 v0x556363872e10_0;
    %addi 4, 0, 32;
    %assign/vec4 v0x556363872c70_0, 0;
    %jmp T_0.38;
T_0.30 ;
    %load/vec4 v0x5563638731e0_0;
    %load/vec4 v0x5563638732c0_0;
    %cmp/s;
    %flag_get/vec4 5;
    %pad/u 32;
    %assign/vec4 v0x556363873100_0, 0;
    %load/vec4 v0x556363872e10_0;
    %addi 4, 0, 32;
    %assign/vec4 v0x556363872c70_0, 0;
    %jmp T_0.38;
T_0.31 ;
    %load/vec4 v0x5563638731e0_0;
    %load/vec4 v0x5563638732c0_0;
    %cmp/u;
    %flag_get/vec4 5;
    %pad/u 32;
    %assign/vec4 v0x556363873100_0, 0;
    %load/vec4 v0x556363872e10_0;
    %addi 4, 0, 32;
    %assign/vec4 v0x556363872c70_0, 0;
    %jmp T_0.38;
T_0.32 ;
    %load/vec4 v0x5563638731e0_0;
    %load/vec4 v0x5563638732c0_0;
    %xor;
    %assign/vec4 v0x556363873100_0, 0;
    %load/vec4 v0x556363872e10_0;
    %addi 4, 0, 32;
    %assign/vec4 v0x556363872c70_0, 0;
    %jmp T_0.38;
T_0.33 ;
    %load/vec4 v0x5563638731e0_0;
    %ix/getv 4, v0x5563638732c0_0;
    %shiftr 4;
    %assign/vec4 v0x556363873100_0, 0;
    %load/vec4 v0x556363872e10_0;
    %addi 4, 0, 32;
    %assign/vec4 v0x556363872c70_0, 0;
    %jmp T_0.38;
T_0.34 ;
    %load/vec4 v0x556363872e10_0;
    %addi 4, 0, 32;
    %assign/vec4 v0x556363872c70_0, 0;
    %jmp T_0.38;
T_0.35 ;
    %load/vec4 v0x5563638731e0_0;
    %load/vec4 v0x5563638732c0_0;
    %or;
    %assign/vec4 v0x556363873100_0, 0;
    %load/vec4 v0x556363872e10_0;
    %addi 4, 0, 32;
    %assign/vec4 v0x556363872c70_0, 0;
    %jmp T_0.38;
T_0.36 ;
    %load/vec4 v0x5563638731e0_0;
    %load/vec4 v0x5563638732c0_0;
    %and;
    %assign/vec4 v0x556363873100_0, 0;
    %load/vec4 v0x556363872e10_0;
    %addi 4, 0, 32;
    %assign/vec4 v0x556363872c70_0, 0;
    %jmp T_0.38;
T_0.38 ;
    %pop/vec4 1;
    %jmp T_0;
    .thread T_0, $push;
# The file index is used to find the file name in the following table.
:file_names 3;
    "N/A";
    "<interactive>";
    "execution.v";
